17-02-2020 17:55:48 ERROR [nioEventLoopGroup-7-2] - Get user form db error
java.lang.IllegalArgumentException: Can not set java.lang.String field games.core.database.document.UserInfo.avatar to java.lang.Integer
	at sun.reflect.UnsafeFieldAccessorImpl.throwSetIllegalArgumentException(UnsafeFieldAccessorImpl.java:167)
	at sun.reflect.UnsafeFieldAccessorImpl.throwSetIllegalArgumentException(UnsafeFieldAccessorImpl.java:171)
	at sun.reflect.UnsafeObjectFieldAccessorImpl.set(UnsafeObjectFieldAccessorImpl.java:81)
	at java.lang.reflect.Field.set(Field.java:764)
	at libs.database.mongodb.MGModelAdapter.updateFromMongoByUniqueField(MGModelAdapter.java:157)
	at games.core.database.model.MUserInfo.getUserInfoByToken(MUserInfo.java:31)
	at games.core.user.UserService.getUserFromDb(UserService.java:131)
	at games.core.user.UserService.getLoginResponse(UserService.java:254)
	at games.core.user.UserCommand.processLogin(UserCommand.java:357)
	at games.core.user.UserCommand.process(UserCommand.java:74)
	at games.core.application.handler.HandlerChannelContext.processMessage(HandlerChannelContext.java:181)
	at games.core.application.handler.HandlerChannelContext.channelRead0(HandlerChannelContext.java:94)
	at games.core.application.handler.HandlerChannelContext.channelRead0(HandlerChannelContext.java:36)
	at io.netty.channel.SimpleChannelInboundHandler.channelRead(SimpleChannelInboundHandler.java:105)
	at io.netty.channel.AbstractChannelHandlerContext.invokeChannelRead(AbstractChannelHandlerContext.java:349)
	at io.netty.channel.AbstractChannelHandlerContext.invokeChannelRead(AbstractChannelHandlerContext.java:335)
	at io.netty.channel.AbstractChannelHandlerContext.fireChannelRead(AbstractChannelHandlerContext.java:327)
	at io.netty.handler.codec.MessageToMessageDecoder.channelRead(MessageToMessageDecoder.java:102)
	at io.netty.channel.AbstractChannelHandlerContext.invokeChannelRead(AbstractChannelHandlerContext.java:349)
	at io.netty.channel.AbstractChannelHandlerContext.invokeChannelRead(AbstractChannelHandlerContext.java:335)
	at io.netty.channel.AbstractChannelHandlerContext.fireChannelRead(AbstractChannelHandlerContext.java:327)
	at io.netty.handler.codec.ByteToMessageDecoder.fireChannelRead(ByteToMessageDecoder.java:288)
	at io.netty.handler.codec.ByteToMessageDecoder.channelRead(ByteToMessageDecoder.java:262)
	at io.netty.channel.AbstractChannelHandlerContext.invokeChannelRead(AbstractChannelHandlerContext.java:349)
	at io.netty.channel.AbstractChannelHandlerContext.invokeChannelRead(AbstractChannelHandlerContext.java:335)
	at io.netty.channel.AbstractChannelHandlerContext.fireChannelRead(AbstractChannelHandlerContext.java:327)
	at io.netty.channel.DefaultChannelPipeline$HeadContext.channelRead(DefaultChannelPipeline.java:1336)
	at io.netty.channel.AbstractChannelHandlerContext.invokeChannelRead(AbstractChannelHandlerContext.java:349)
	at io.netty.channel.AbstractChannelHandlerContext.invokeChannelRead(AbstractChannelHandlerContext.java:335)
	at io.netty.channel.DefaultChannelPipeline.fireChannelRead(DefaultChannelPipeline.java:911)
	at io.netty.channel.nio.AbstractNioByteChannel$NioByteUnsafe.read(AbstractNioByteChannel.java:123)
	at io.netty.channel.nio.NioEventLoop.processSelectedKey(NioEventLoop.java:544)
	at io.netty.channel.nio.NioEventLoop.processSelectedKeysOptimized(NioEventLoop.java:485)
	at io.netty.channel.nio.NioEventLoop.processSelectedKeys(NioEventLoop.java:399)
	at io.netty.channel.nio.NioEventLoop.run(NioEventLoop.java:371)
	at io.netty.util.concurrent.SingleThreadEventExecutor$5.run(SingleThreadEventExecutor.java:742)
	at io.netty.util.concurrent.DefaultThreadFactory$DefaultRunnableDecorator.run(DefaultThreadFactory.java:145)
	at java.lang.Thread.run(Thread.java:748)
17-02-2020 17:57:15 ERROR [nioEventLoopGroup-7-3] - Get user form db error
java.lang.IllegalArgumentException: Can not set java.lang.String field games.core.database.document.UserInfo.avatar to java.lang.Integer
	at sun.reflect.UnsafeFieldAccessorImpl.throwSetIllegalArgumentException(UnsafeFieldAccessorImpl.java:167)
	at sun.reflect.UnsafeFieldAccessorImpl.throwSetIllegalArgumentException(UnsafeFieldAccessorImpl.java:171)
	at sun.reflect.UnsafeObjectFieldAccessorImpl.set(UnsafeObjectFieldAccessorImpl.java:81)
	at java.lang.reflect.Field.set(Field.java:764)
	at libs.database.mongodb.MGModelAdapter.updateFromMongoByUniqueField(MGModelAdapter.java:157)
	at games.core.database.model.MUserInfo.getUserInfoByToken(MUserInfo.java:31)
	at games.core.user.UserService.getUserFromDb(UserService.java:131)
	at games.core.user.UserService.getLoginResponse(UserService.java:254)
	at games.core.user.UserCommand.processLogin(UserCommand.java:357)
	at games.core.user.UserCommand.process(UserCommand.java:74)
	at games.core.application.handler.HandlerChannelContext.processMessage(HandlerChannelContext.java:181)
	at games.core.application.handler.HandlerChannelContext.channelRead0(HandlerChannelContext.java:94)
	at games.core.application.handler.HandlerChannelContext.channelRead0(HandlerChannelContext.java:36)
	at io.netty.channel.SimpleChannelInboundHandler.channelRead(SimpleChannelInboundHandler.java:105)
	at io.netty.channel.AbstractChannelHandlerContext.invokeChannelRead(AbstractChannelHandlerContext.java:349)
	at io.netty.channel.AbstractChannelHandlerContext.invokeChannelRead(AbstractChannelHandlerContext.java:335)
	at io.netty.channel.AbstractChannelHandlerContext.fireChannelRead(AbstractChannelHandlerContext.java:327)
	at io.netty.handler.codec.MessageToMessageDecoder.channelRead(MessageToMessageDecoder.java:102)
	at io.netty.channel.AbstractChannelHandlerContext.invokeChannelRead(AbstractChannelHandlerContext.java:349)
	at io.netty.channel.AbstractChannelHandlerContext.invokeChannelRead(AbstractChannelHandlerContext.java:335)
	at io.netty.channel.AbstractChannelHandlerContext.fireChannelRead(AbstractChannelHandlerContext.java:327)
	at io.netty.handler.codec.ByteToMessageDecoder.fireChannelRead(ByteToMessageDecoder.java:288)
	at io.netty.handler.codec.ByteToMessageDecoder.channelRead(ByteToMessageDecoder.java:262)
	at io.netty.channel.AbstractChannelHandlerContext.invokeChannelRead(AbstractChannelHandlerContext.java:349)
	at io.netty.channel.AbstractChannelHandlerContext.invokeChannelRead(AbstractChannelHandlerContext.java:335)
	at io.netty.channel.AbstractChannelHandlerContext.fireChannelRead(AbstractChannelHandlerContext.java:327)
	at io.netty.channel.DefaultChannelPipeline$HeadContext.channelRead(DefaultChannelPipeline.java:1336)
	at io.netty.channel.AbstractChannelHandlerContext.invokeChannelRead(AbstractChannelHandlerContext.java:349)
	at io.netty.channel.AbstractChannelHandlerContext.invokeChannelRead(AbstractChannelHandlerContext.java:335)
	at io.netty.channel.DefaultChannelPipeline.fireChannelRead(DefaultChannelPipeline.java:911)
	at io.netty.channel.nio.AbstractNioByteChannel$NioByteUnsafe.read(AbstractNioByteChannel.java:123)
	at io.netty.channel.nio.NioEventLoop.processSelectedKey(NioEventLoop.java:544)
	at io.netty.channel.nio.NioEventLoop.processSelectedKeysOptimized(NioEventLoop.java:485)
	at io.netty.channel.nio.NioEventLoop.processSelectedKeys(NioEventLoop.java:399)
	at io.netty.channel.nio.NioEventLoop.run(NioEventLoop.java:371)
	at io.netty.util.concurrent.SingleThreadEventExecutor$5.run(SingleThreadEventExecutor.java:742)
	at io.netty.util.concurrent.DefaultThreadFactory$DefaultRunnableDecorator.run(DefaultThreadFactory.java:145)
	at java.lang.Thread.run(Thread.java:748)
17-02-2020 17:58:07 ERROR [nioEventLoopGroup-7-4] - Get user form db error
java.lang.IllegalArgumentException: Can not set java.lang.String field games.core.database.document.UserInfo.avatar to java.lang.Integer
	at sun.reflect.UnsafeFieldAccessorImpl.throwSetIllegalArgumentException(UnsafeFieldAccessorImpl.java:167)
	at sun.reflect.UnsafeFieldAccessorImpl.throwSetIllegalArgumentException(UnsafeFieldAccessorImpl.java:171)
	at sun.reflect.UnsafeObjectFieldAccessorImpl.set(UnsafeObjectFieldAccessorImpl.java:81)
	at java.lang.reflect.Field.set(Field.java:764)
	at libs.database.mongodb.MGModelAdapter.updateFromMongoByUniqueField(MGModelAdapter.java:157)
	at games.core.database.model.MUserInfo.getUserInfoByToken(MUserInfo.java:31)
	at games.core.user.UserService.getUserFromDb(UserService.java:131)
	at games.core.user.UserService.getLoginResponse(UserService.java:254)
	at games.core.user.UserCommand.processLogin(UserCommand.java:357)
	at games.core.user.UserCommand.process(UserCommand.java:74)
	at games.core.application.handler.HandlerChannelContext.processMessage(HandlerChannelContext.java:181)
	at games.core.application.handler.HandlerChannelContext.channelRead0(HandlerChannelContext.java:94)
	at games.core.application.handler.HandlerChannelContext.channelRead0(HandlerChannelContext.java:36)
	at io.netty.channel.SimpleChannelInboundHandler.channelRead(SimpleChannelInboundHandler.java:105)
	at io.netty.channel.AbstractChannelHandlerContext.invokeChannelRead(AbstractChannelHandlerContext.java:349)
	at io.netty.channel.AbstractChannelHandlerContext.invokeChannelRead(AbstractChannelHandlerContext.java:335)
	at io.netty.channel.AbstractChannelHandlerContext.fireChannelRead(AbstractChannelHandlerContext.java:327)
	at io.netty.handler.codec.MessageToMessageDecoder.channelRead(MessageToMessageDecoder.java:102)
	at io.netty.channel.AbstractChannelHandlerContext.invokeChannelRead(AbstractChannelHandlerContext.java:349)
	at io.netty.channel.AbstractChannelHandlerContext.invokeChannelRead(AbstractChannelHandlerContext.java:335)
	at io.netty.channel.AbstractChannelHandlerContext.fireChannelRead(AbstractChannelHandlerContext.java:327)
	at io.netty.handler.codec.ByteToMessageDecoder.fireChannelRead(ByteToMessageDecoder.java:288)
	at io.netty.handler.codec.ByteToMessageDecoder.channelRead(ByteToMessageDecoder.java:262)
	at io.netty.channel.AbstractChannelHandlerContext.invokeChannelRead(AbstractChannelHandlerContext.java:349)
	at io.netty.channel.AbstractChannelHandlerContext.invokeChannelRead(AbstractChannelHandlerContext.java:335)
	at io.netty.channel.AbstractChannelHandlerContext.fireChannelRead(AbstractChannelHandlerContext.java:327)
	at io.netty.channel.DefaultChannelPipeline$HeadContext.channelRead(DefaultChannelPipeline.java:1336)
	at io.netty.channel.AbstractChannelHandlerContext.invokeChannelRead(AbstractChannelHandlerContext.java:349)
	at io.netty.channel.AbstractChannelHandlerContext.invokeChannelRead(AbstractChannelHandlerContext.java:335)
	at io.netty.channel.DefaultChannelPipeline.fireChannelRead(DefaultChannelPipeline.java:911)
	at io.netty.channel.nio.AbstractNioByteChannel$NioByteUnsafe.read(AbstractNioByteChannel.java:123)
	at io.netty.channel.nio.NioEventLoop.processSelectedKey(NioEventLoop.java:544)
	at io.netty.channel.nio.NioEventLoop.processSelectedKeysOptimized(NioEventLoop.java:485)
	at io.netty.channel.nio.NioEventLoop.processSelectedKeys(NioEventLoop.java:399)
	at io.netty.channel.nio.NioEventLoop.run(NioEventLoop.java:371)
	at io.netty.util.concurrent.SingleThreadEventExecutor$5.run(SingleThreadEventExecutor.java:742)
	at io.netty.util.concurrent.DefaultThreadFactory$DefaultRunnableDecorator.run(DefaultThreadFactory.java:145)
	at java.lang.Thread.run(Thread.java:748)
17-02-2020 17:58:18 ERROR [nioEventLoopGroup-7-5] - Get user form db error
java.lang.IllegalArgumentException: Can not set java.lang.String field games.core.database.document.UserInfo.avatar to java.lang.Integer
	at sun.reflect.UnsafeFieldAccessorImpl.throwSetIllegalArgumentException(UnsafeFieldAccessorImpl.java:167)
	at sun.reflect.UnsafeFieldAccessorImpl.throwSetIllegalArgumentException(UnsafeFieldAccessorImpl.java:171)
	at sun.reflect.UnsafeObjectFieldAccessorImpl.set(UnsafeObjectFieldAccessorImpl.java:81)
	at java.lang.reflect.Field.set(Field.java:764)
	at libs.database.mongodb.MGModelAdapter.updateFromMongoByUniqueField(MGModelAdapter.java:157)
	at games.core.database.model.MUserInfo.getUserInfoByToken(MUserInfo.java:31)
	at games.core.user.UserService.getUserFromDb(UserService.java:131)
	at games.core.user.UserService.getLoginResponse(UserService.java:254)
	at games.core.user.UserCommand.processLogin(UserCommand.java:357)
	at games.core.user.UserCommand.process(UserCommand.java:74)
	at games.core.application.handler.HandlerChannelContext.processMessage(HandlerChannelContext.java:181)
	at games.core.application.handler.HandlerChannelContext.channelRead0(HandlerChannelContext.java:94)
	at games.core.application.handler.HandlerChannelContext.channelRead0(HandlerChannelContext.java:36)
	at io.netty.channel.SimpleChannelInboundHandler.channelRead(SimpleChannelInboundHandler.java:105)
	at io.netty.channel.AbstractChannelHandlerContext.invokeChannelRead(AbstractChannelHandlerContext.java:349)
	at io.netty.channel.AbstractChannelHandlerContext.invokeChannelRead(AbstractChannelHandlerContext.java:335)
	at io.netty.channel.AbstractChannelHandlerContext.fireChannelRead(AbstractChannelHandlerContext.java:327)
	at io.netty.handler.codec.MessageToMessageDecoder.channelRead(MessageToMessageDecoder.java:102)
	at io.netty.channel.AbstractChannelHandlerContext.invokeChannelRead(AbstractChannelHandlerContext.java:349)
	at io.netty.channel.AbstractChannelHandlerContext.invokeChannelRead(AbstractChannelHandlerContext.java:335)
	at io.netty.channel.AbstractChannelHandlerContext.fireChannelRead(AbstractChannelHandlerContext.java:327)
	at io.netty.handler.codec.ByteToMessageDecoder.fireChannelRead(ByteToMessageDecoder.java:288)
	at io.netty.handler.codec.ByteToMessageDecoder.channelRead(ByteToMessageDecoder.java:262)
	at io.netty.channel.AbstractChannelHandlerContext.invokeChannelRead(AbstractChannelHandlerContext.java:349)
	at io.netty.channel.AbstractChannelHandlerContext.invokeChannelRead(AbstractChannelHandlerContext.java:335)
	at io.netty.channel.AbstractChannelHandlerContext.fireChannelRead(AbstractChannelHandlerContext.java:327)
	at io.netty.channel.DefaultChannelPipeline$HeadContext.channelRead(DefaultChannelPipeline.java:1336)
	at io.netty.channel.AbstractChannelHandlerContext.invokeChannelRead(AbstractChannelHandlerContext.java:349)
	at io.netty.channel.AbstractChannelHandlerContext.invokeChannelRead(AbstractChannelHandlerContext.java:335)
	at io.netty.channel.DefaultChannelPipeline.fireChannelRead(DefaultChannelPipeline.java:911)
	at io.netty.channel.nio.AbstractNioByteChannel$NioByteUnsafe.read(AbstractNioByteChannel.java:123)
	at io.netty.channel.nio.NioEventLoop.processSelectedKey(NioEventLoop.java:544)
	at io.netty.channel.nio.NioEventLoop.processSelectedKeysOptimized(NioEventLoop.java:485)
	at io.netty.channel.nio.NioEventLoop.processSelectedKeys(NioEventLoop.java:399)
	at io.netty.channel.nio.NioEventLoop.run(NioEventLoop.java:371)
	at io.netty.util.concurrent.SingleThreadEventExecutor$5.run(SingleThreadEventExecutor.java:742)
	at io.netty.util.concurrent.DefaultThreadFactory$DefaultRunnableDecorator.run(DefaultThreadFactory.java:145)
	at java.lang.Thread.run(Thread.java:748)
17-02-2020 17:58:57 ERROR [nioEventLoopGroup-7-6] - Get user form db error
java.lang.IllegalArgumentException: Can not set java.lang.String field games.core.database.document.UserInfo.avatar to java.lang.Integer
	at sun.reflect.UnsafeFieldAccessorImpl.throwSetIllegalArgumentException(UnsafeFieldAccessorImpl.java:167)
	at sun.reflect.UnsafeFieldAccessorImpl.throwSetIllegalArgumentException(UnsafeFieldAccessorImpl.java:171)
	at sun.reflect.UnsafeObjectFieldAccessorImpl.set(UnsafeObjectFieldAccessorImpl.java:81)
	at java.lang.reflect.Field.set(Field.java:764)
	at libs.database.mongodb.MGModelAdapter.updateFromMongoByUniqueField(MGModelAdapter.java:157)
	at games.core.database.model.MUserInfo.getUserInfoByToken(MUserInfo.java:31)
	at games.core.user.UserService.getUserFromDb(UserService.java:131)
	at games.core.user.UserService.getLoginResponse(UserService.java:254)
	at games.core.user.UserCommand.processLogin(UserCommand.java:357)
	at games.core.user.UserCommand.process(UserCommand.java:74)
	at games.core.application.handler.HandlerChannelContext.processMessage(HandlerChannelContext.java:181)
	at games.core.application.handler.HandlerChannelContext.channelRead0(HandlerChannelContext.java:94)
	at games.core.application.handler.HandlerChannelContext.channelRead0(HandlerChannelContext.java:36)
	at io.netty.channel.SimpleChannelInboundHandler.channelRead(SimpleChannelInboundHandler.java:105)
	at io.netty.channel.AbstractChannelHandlerContext.invokeChannelRead(AbstractChannelHandlerContext.java:349)
	at io.netty.channel.AbstractChannelHandlerContext.invokeChannelRead(AbstractChannelHandlerContext.java:335)
	at io.netty.channel.AbstractChannelHandlerContext.fireChannelRead(AbstractChannelHandlerContext.java:327)
	at io.netty.handler.codec.MessageToMessageDecoder.channelRead(MessageToMessageDecoder.java:102)
	at io.netty.channel.AbstractChannelHandlerContext.invokeChannelRead(AbstractChannelHandlerContext.java:349)
	at io.netty.channel.AbstractChannelHandlerContext.invokeChannelRead(AbstractChannelHandlerContext.java:335)
	at io.netty.channel.AbstractChannelHandlerContext.fireChannelRead(AbstractChannelHandlerContext.java:327)
	at io.netty.handler.codec.ByteToMessageDecoder.fireChannelRead(ByteToMessageDecoder.java:288)
	at io.netty.handler.codec.ByteToMessageDecoder.channelRead(ByteToMessageDecoder.java:262)
	at io.netty.channel.AbstractChannelHandlerContext.invokeChannelRead(AbstractChannelHandlerContext.java:349)
	at io.netty.channel.AbstractChannelHandlerContext.invokeChannelRead(AbstractChannelHandlerContext.java:335)
	at io.netty.channel.AbstractChannelHandlerContext.fireChannelRead(AbstractChannelHandlerContext.java:327)
	at io.netty.channel.DefaultChannelPipeline$HeadContext.channelRead(DefaultChannelPipeline.java:1336)
	at io.netty.channel.AbstractChannelHandlerContext.invokeChannelRead(AbstractChannelHandlerContext.java:349)
	at io.netty.channel.AbstractChannelHandlerContext.invokeChannelRead(AbstractChannelHandlerContext.java:335)
	at io.netty.channel.DefaultChannelPipeline.fireChannelRead(DefaultChannelPipeline.java:911)
	at io.netty.channel.nio.AbstractNioByteChannel$NioByteUnsafe.read(AbstractNioByteChannel.java:123)
	at io.netty.channel.nio.NioEventLoop.processSelectedKey(NioEventLoop.java:544)
	at io.netty.channel.nio.NioEventLoop.processSelectedKeysOptimized(NioEventLoop.java:485)
	at io.netty.channel.nio.NioEventLoop.processSelectedKeys(NioEventLoop.java:399)
	at io.netty.channel.nio.NioEventLoop.run(NioEventLoop.java:371)
	at io.netty.util.concurrent.SingleThreadEventExecutor$5.run(SingleThreadEventExecutor.java:742)
	at io.netty.util.concurrent.DefaultThreadFactory$DefaultRunnableDecorator.run(DefaultThreadFactory.java:145)
	at java.lang.Thread.run(Thread.java:748)
17-02-2020 18:06:50 ERROR [nioEventLoopGroup-7-1] - Get user form db error
java.lang.IllegalArgumentException: Can not set java.lang.String field games.core.database.document.UserInfo.avatar to java.lang.Integer
	at sun.reflect.UnsafeFieldAccessorImpl.throwSetIllegalArgumentException(UnsafeFieldAccessorImpl.java:167)
	at sun.reflect.UnsafeFieldAccessorImpl.throwSetIllegalArgumentException(UnsafeFieldAccessorImpl.java:171)
	at sun.reflect.UnsafeObjectFieldAccessorImpl.set(UnsafeObjectFieldAccessorImpl.java:81)
	at java.lang.reflect.Field.set(Field.java:764)
	at libs.database.mongodb.MGModelAdapter.updateFromMongoByUniqueField(MGModelAdapter.java:157)
	at games.core.database.model.MUserInfo.getUserInfoByToken(MUserInfo.java:31)
	at games.core.user.UserService.getUserFromDb(UserService.java:131)
	at games.core.user.UserService.getLoginResponse(UserService.java:255)
	at games.core.user.UserCommand.processLogin(UserCommand.java:357)
	at games.core.user.UserCommand.process(UserCommand.java:74)
	at games.core.application.handler.HandlerChannelContext.processMessage(HandlerChannelContext.java:181)
	at games.core.application.handler.HandlerChannelContext.channelRead0(HandlerChannelContext.java:94)
	at games.core.application.handler.HandlerChannelContext.channelRead0(HandlerChannelContext.java:36)
	at io.netty.channel.SimpleChannelInboundHandler.channelRead(SimpleChannelInboundHandler.java:105)
	at io.netty.channel.AbstractChannelHandlerContext.invokeChannelRead(AbstractChannelHandlerContext.java:349)
	at io.netty.channel.AbstractChannelHandlerContext.invokeChannelRead(AbstractChannelHandlerContext.java:335)
	at io.netty.channel.AbstractChannelHandlerContext.fireChannelRead(AbstractChannelHandlerContext.java:327)
	at io.netty.handler.codec.MessageToMessageDecoder.channelRead(MessageToMessageDecoder.java:102)
	at io.netty.channel.AbstractChannelHandlerContext.invokeChannelRead(AbstractChannelHandlerContext.java:349)
	at io.netty.channel.AbstractChannelHandlerContext.invokeChannelRead(AbstractChannelHandlerContext.java:335)
	at io.netty.channel.AbstractChannelHandlerContext.fireChannelRead(AbstractChannelHandlerContext.java:327)
	at io.netty.handler.codec.ByteToMessageDecoder.fireChannelRead(ByteToMessageDecoder.java:288)
	at io.netty.handler.codec.ByteToMessageDecoder.channelRead(ByteToMessageDecoder.java:262)
	at io.netty.channel.AbstractChannelHandlerContext.invokeChannelRead(AbstractChannelHandlerContext.java:349)
	at io.netty.channel.AbstractChannelHandlerContext.invokeChannelRead(AbstractChannelHandlerContext.java:335)
	at io.netty.channel.AbstractChannelHandlerContext.fireChannelRead(AbstractChannelHandlerContext.java:327)
	at io.netty.channel.DefaultChannelPipeline$HeadContext.channelRead(DefaultChannelPipeline.java:1336)
	at io.netty.channel.AbstractChannelHandlerContext.invokeChannelRead(AbstractChannelHandlerContext.java:349)
	at io.netty.channel.AbstractChannelHandlerContext.invokeChannelRead(AbstractChannelHandlerContext.java:335)
	at io.netty.channel.DefaultChannelPipeline.fireChannelRead(DefaultChannelPipeline.java:911)
	at io.netty.channel.nio.AbstractNioByteChannel$NioByteUnsafe.read(AbstractNioByteChannel.java:123)
	at io.netty.channel.nio.NioEventLoop.processSelectedKey(NioEventLoop.java:544)
	at io.netty.channel.nio.NioEventLoop.processSelectedKeysOptimized(NioEventLoop.java:485)
	at io.netty.channel.nio.NioEventLoop.processSelectedKeys(NioEventLoop.java:399)
	at io.netty.channel.nio.NioEventLoop.run(NioEventLoop.java:371)
	at io.netty.util.concurrent.SingleThreadEventExecutor$5.run(SingleThreadEventExecutor.java:742)
	at io.netty.util.concurrent.DefaultThreadFactory$DefaultRunnableDecorator.run(DefaultThreadFactory.java:145)
	at java.lang.Thread.run(Thread.java:748)
17-02-2020 18:07:13 ERROR [nioEventLoopGroup-7-2] - Get user form db error
java.lang.IllegalArgumentException: Can not set java.lang.String field games.core.database.document.UserInfo.avatar to java.lang.Integer
	at sun.reflect.UnsafeFieldAccessorImpl.throwSetIllegalArgumentException(UnsafeFieldAccessorImpl.java:167)
	at sun.reflect.UnsafeFieldAccessorImpl.throwSetIllegalArgumentException(UnsafeFieldAccessorImpl.java:171)
	at sun.reflect.UnsafeObjectFieldAccessorImpl.set(UnsafeObjectFieldAccessorImpl.java:81)
	at java.lang.reflect.Field.set(Field.java:764)
	at libs.database.mongodb.MGModelAdapter.updateFromMongoByUniqueField(MGModelAdapter.java:157)
	at games.core.database.model.MUserInfo.getUserInfoByToken(MUserInfo.java:31)
	at games.core.user.UserService.getUserFromDb(UserService.java:131)
	at games.core.user.UserService.getLoginResponse(UserService.java:255)
	at games.core.user.UserCommand.processLogin(UserCommand.java:357)
	at games.core.user.UserCommand.process(UserCommand.java:74)
	at games.core.application.handler.HandlerChannelContext.processMessage(HandlerChannelContext.java:181)
	at games.core.application.handler.HandlerChannelContext.channelRead0(HandlerChannelContext.java:94)
	at games.core.application.handler.HandlerChannelContext.channelRead0(HandlerChannelContext.java:36)
	at io.netty.channel.SimpleChannelInboundHandler.channelRead(SimpleChannelInboundHandler.java:105)
	at io.netty.channel.AbstractChannelHandlerContext.invokeChannelRead(AbstractChannelHandlerContext.java:349)
	at io.netty.channel.AbstractChannelHandlerContext.invokeChannelRead(AbstractChannelHandlerContext.java:335)
	at io.netty.channel.AbstractChannelHandlerContext.fireChannelRead(AbstractChannelHandlerContext.java:327)
	at io.netty.handler.codec.MessageToMessageDecoder.channelRead(MessageToMessageDecoder.java:102)
	at io.netty.channel.AbstractChannelHandlerContext.invokeChannelRead(AbstractChannelHandlerContext.java:349)
	at io.netty.channel.AbstractChannelHandlerContext.invokeChannelRead(AbstractChannelHandlerContext.java:335)
	at io.netty.channel.AbstractChannelHandlerContext.fireChannelRead(AbstractChannelHandlerContext.java:327)
	at io.netty.handler.codec.ByteToMessageDecoder.fireChannelRead(ByteToMessageDecoder.java:288)
	at io.netty.handler.codec.ByteToMessageDecoder.channelRead(ByteToMessageDecoder.java:262)
	at io.netty.channel.AbstractChannelHandlerContext.invokeChannelRead(AbstractChannelHandlerContext.java:349)
	at io.netty.channel.AbstractChannelHandlerContext.invokeChannelRead(AbstractChannelHandlerContext.java:335)
	at io.netty.channel.AbstractChannelHandlerContext.fireChannelRead(AbstractChannelHandlerContext.java:327)
	at io.netty.channel.DefaultChannelPipeline$HeadContext.channelRead(DefaultChannelPipeline.java:1336)
	at io.netty.channel.AbstractChannelHandlerContext.invokeChannelRead(AbstractChannelHandlerContext.java:349)
	at io.netty.channel.AbstractChannelHandlerContext.invokeChannelRead(AbstractChannelHandlerContext.java:335)
	at io.netty.channel.DefaultChannelPipeline.fireChannelRead(DefaultChannelPipeline.java:911)
	at io.netty.channel.nio.AbstractNioByteChannel$NioByteUnsafe.read(AbstractNioByteChannel.java:123)
	at io.netty.channel.nio.NioEventLoop.processSelectedKey(NioEventLoop.java:544)
	at io.netty.channel.nio.NioEventLoop.processSelectedKeysOptimized(NioEventLoop.java:485)
	at io.netty.channel.nio.NioEventLoop.processSelectedKeys(NioEventLoop.java:399)
	at io.netty.channel.nio.NioEventLoop.run(NioEventLoop.java:371)
	at io.netty.util.concurrent.SingleThreadEventExecutor$5.run(SingleThreadEventExecutor.java:742)
	at io.netty.util.concurrent.DefaultThreadFactory$DefaultRunnableDecorator.run(DefaultThreadFactory.java:145)
	at java.lang.Thread.run(Thread.java:748)
